<?xml version="1.0" encoding="UTF-8"?>
<testsuite xmlns:xsi="http://www.w3.org/2001/XMLSchema-instance" xsi:noNamespaceSchemaLocation="https://maven.apache.org/surefire/maven-surefire-plugin/xsd/surefire-test-report-3.0.xsd" version="3.0" name="com.zetcode.BoardTest" time="0.323" tests="8" errors="0" skipped="0" failures="0">
  <properties>
[...]
</properties>
  <testcase name="testNyawaBerkurang" classname="com.zetcode.BoardTest" time="0.245">
    <system-out><![CDATA[[TEST: 05] Menguji apakah berhasil Pacman Nyawa-nya Berkurang ketika mati pertama kali
]]></system-out>
  </testcase>
  <testcase name="testNextLevelGhosts" classname="com.zetcode.BoardTest" time="0.004">
    <system-out><![CDATA[[TEST: 08] Menguji apakah setelah semua dot dimakan, lanjut ke level berikutnya ditandai dengan jumlah ghost bertambah
]]></system-out>
  </testcase>
  <testcase name="testDeath" classname="com.zetcode.BoardTest" time="0.005">
    <system-out><![CDATA[[TEST: 06] Menguji apakah game terhenti saat pacman mati dengan kondisi nyawa habis
]]></system-out>
  </testcase>
  <testcase name="testMovePacmanKeAtas" classname="com.zetcode.BoardTest" time="0.005">
    <system-out><![CDATA[[TEST: 01] Menguji Movement Pacman Berhasil Bergerak ke Atas
]]></system-out>
  </testcase>
  <testcase name="testMovePacmanKeKiri" classname="com.zetcode.BoardTest" time="0.004">
    <system-out><![CDATA[[TEST: 03] Menguji Movement Pacman Berhasil Bergerak ke Kiri
]]></system-out>
  </testcase>
  <testcase name="testMovePacmanKeBawah" classname="com.zetcode.BoardTest" time="0.007">
    <system-out><![CDATA[[TEST: 02] Menguji Movement Pacman Berhasil Bergerak ke Bawah
]]></system-out>
  </testcase>
  <testcase name="testMovePacmanKeKanan" classname="com.zetcode.BoardTest" time="0.003">
    <system-out><![CDATA[[TEST: 04] Menguji Movement Pacman Berhasil Bergerak ke Kanan
]]></system-out>
  </testcase>
  <testcase name="testCheckMaze" classname="com.zetcode.BoardTest" time="0.005">
    <system-out><![CDATA[[TEST: 07] Menguji apakah setelah semua dot dimakan, score berhasil bertambah
]]></system-out>
  </testcase>
</testsuite>